[0m23:24:16.597131 [debug] [MainThread]: Sending event: {'category': 'dbt', 'action': 'invocation', 'label': 'start', 'context': [<snowplow_tracker.self_describing_json.SelfDescribingJson object at 0x7f0fb8255460>, <snowplow_tracker.self_describing_json.SelfDescribingJson object at 0x7f0fb6146030>, <snowplow_tracker.self_describing_json.SelfDescribingJson object at 0x7f0fb6086870>]}


============================== 23:24:16.600523 | e2c837bb-1a77-4365-9dae-cfc96df1d9e4 ==============================
[0m23:24:16.600523 [info ] [MainThread]: Running with dbt=1.11.5
[0m23:24:16.601376 [debug] [MainThread]: running dbt with arguments {'use_experimental_parser': 'False', 'log_format': 'default', 'warn_error': 'None', 'static_parser': 'True', 'use_colors': 'True', 'log_path': 'logs', 'quiet': 'False', 'indirect_selection': 'eager', 'profiles_dir': '/home/codespace/.dbt', 'debug': 'False', 'invocation_command': 'dbt debug', 'partial_parse': 'True', 'warn_error_options': 'WarnErrorOptionsV2(error=[], warn=[], silence=[])', 'write_json': 'True', 'send_anonymous_usage_stats': 'True', 'target_path': 'None', 'version_check': 'True', 'log_cache_events': 'False', 'printer_width': '80', 'fail_fast': 'False', 'cache_selected_only': 'False', 'introspect': 'True', 'no_print': 'None', 'empty': 'None'}
[0m23:24:16.611398 [info ] [MainThread]: dbt version: 1.11.5
[0m23:24:16.612150 [info ] [MainThread]: python version: 3.12.1
[0m23:24:16.612716 [info ] [MainThread]: python path: /usr/local/python/3.12.1/bin/python3
[0m23:24:16.613222 [info ] [MainThread]: os info: Linux-6.8.0-1030-azure-x86_64-with-glibc2.39
[0m23:24:26.828053 [info ] [MainThread]: Using profiles dir at /home/codespace/.dbt
[0m23:24:26.828847 [info ] [MainThread]: Using profiles.yml file at /home/codespace/.dbt/profiles.yml
[0m23:24:26.829510 [info ] [MainThread]: Using dbt_project.yml file at /workspaces/analytics-engineering-homework_4/dbt_project.yml
[0m23:24:26.830072 [info ] [MainThread]: adapter type: bigquery
[0m23:24:26.831927 [info ] [MainThread]: adapter version: 1.11.0
[0m23:24:26.832443 [info ] [MainThread]: Configuration:
[0m23:24:26.832931 [info ] [MainThread]:   profiles.yml file [[32mOK found and valid[0m]
[0m23:24:26.833453 [info ] [MainThread]:   dbt_project.yml file [[31mERROR not found[0m]
[0m23:24:26.834079 [info ] [MainThread]: Required dependencies:
[0m23:24:26.834575 [debug] [MainThread]: Executing "git --help"
[0m23:24:26.837929 [debug] [MainThread]: STDOUT: "b"usage: git [-v | --version] [-h | --help] [-C <path>] [-c <name>=<value>]\n           [--exec-path[=<path>]] [--html-path] [--man-path] [--info-path]\n           [-p | --paginate | -P | --no-pager] [--no-replace-objects] [--no-lazy-fetch]\n           [--no-optional-locks] [--no-advice] [--bare] [--git-dir=<path>]\n           [--work-tree=<path>] [--namespace=<name>] [--config-env=<name>=<envvar>]\n           <command> [<args>]\n\nThese are common Git commands used in various situations:\n\nstart a working area (see also: git help tutorial)\n   clone      Clone a repository into a new directory\n   init       Create an empty Git repository or reinitialize an existing one\n\nwork on the current change (see also: git help everyday)\n   add        Add file contents to the index\n   mv         Move or rename a file, a directory, or a symlink\n   restore    Restore working tree files\n   rm         Remove files from the working tree and from the index\n\nexamine the history and state (see also: git help revisions)\n   bisect     Use binary search to find the commit that introduced a bug\n   diff       Show changes between commits, commit and working tree, etc\n   grep       Print lines matching a pattern\n   log        Show commit logs\n   show       Show various types of objects\n   status     Show the working tree status\n\ngrow, mark and tweak your common history\n   backfill   Download missing objects in a partial clone\n   branch     List, create, or delete branches\n   commit     Record changes to the repository\n   merge      Join two or more development histories together\n   rebase     Reapply commits on top of another base tip\n   reset      Reset current HEAD to the specified state\n   switch     Switch branches\n   tag        Create, list, delete or verify tags\n\ncollaborate (see also: git help workflows)\n   fetch      Download objects and refs from another repository\n   pull       Fetch from and integrate with another repository or a local branch\n   push       Update remote refs along with associated objects\n\n'git help -a' and 'git help -g' list available subcommands and some\nconcept guides. See 'git help <command>' or 'git help <concept>'\nto read about a specific subcommand or concept.\nSee 'git help git' for an overview of the system.\n""
[0m23:24:26.838474 [debug] [MainThread]: STDERR: "b''"
[0m23:24:26.839042 [info ] [MainThread]:  - git [[32mOK found[0m]

[0m23:24:26.839569 [info ] [MainThread]: Connection:
[0m23:24:26.840154 [info ] [MainThread]:   method: service-account
[0m23:24:26.840855 [info ] [MainThread]:   database: data-warehousing-486717
[0m23:24:26.841521 [info ] [MainThread]:   execution_project: data-warehousing-486717
[0m23:24:26.842182 [info ] [MainThread]:   schema: nytaxi
[0m23:24:26.842818 [info ] [MainThread]:   location: EU
[0m23:24:26.843905 [info ] [MainThread]:   priority: interactive
[0m23:24:26.844505 [info ] [MainThread]:   maximum_bytes_billed: None
[0m23:24:26.845011 [info ] [MainThread]:   impersonate_service_account: None
[0m23:24:26.845553 [info ] [MainThread]:   job_retry_deadline_seconds: None
[0m23:24:26.846395 [info ] [MainThread]:   job_retries: 1
[0m23:24:26.847438 [info ] [MainThread]:   job_creation_timeout_seconds: None
[0m23:24:26.848357 [info ] [MainThread]:   job_execution_timeout_seconds: 300
[0m23:24:26.849489 [info ] [MainThread]:   timeout_seconds: 300
[0m23:24:26.850173 [info ] [MainThread]:   client_id: None
[0m23:24:26.850939 [info ] [MainThread]:   token_uri: None
[0m23:24:26.851608 [info ] [MainThread]:   compute_region: None
[0m23:24:26.852273 [info ] [MainThread]:   dataproc_cluster_name: None
[0m23:24:26.853099 [info ] [MainThread]:   gcs_bucket: None
[0m23:24:26.853847 [info ] [MainThread]:   dataproc_batch: None
[0m23:24:26.854794 [info ] [MainThread]: Registered adapter: bigquery=1.11.0
[0m23:24:27.094292 [debug] [MainThread]: Acquiring new bigquery connection 'debug'
[0m23:24:27.094869 [debug] [MainThread]: On debug: select 1 as id
[0m23:24:27.095388 [debug] [MainThread]: Opening a new connection, currently in state init
[0m23:24:27.488429 [debug] [MainThread]: BigQuery adapter: https://console.cloud.google.com/bigquery?project=data-warehousing-486717&j=bq:EU:f9b8f56d-4114-46e3-a5ec-7c88ee7c8861&page=queryresults
[0m23:24:27.633541 [debug] [MainThread]: SQL status: OK in 0.144 seconds
[0m23:24:27.865051 [info ] [MainThread]:   Connection test: [[32mOK connection ok[0m]

[0m23:24:27.865798 [info ] [MainThread]: [31m1 check failed:[0m
[0m23:24:27.866361 [info ] [MainThread]: Project loading failed for the following reason:
 project path </workspaces/analytics-engineering-homework_4/dbt_project.yml> not found

[0m23:24:27.867108 [debug] [MainThread]: Resource report: {"command_name": "debug", "command_success": false, "command_wall_clock_time": 11.342211, "process_in_blocks": "4320", "process_kernel_time": 3.716471, "process_mem_max_rss": "401592", "process_out_blocks": "16", "process_user_time": 9.947563}
[0m23:24:27.867675 [debug] [MainThread]: Command `dbt debug` failed at 23:24:27.867567 after 11.34 seconds
[0m23:24:27.868200 [debug] [MainThread]: Connection 'debug' was properly closed.
[0m23:24:27.868700 [debug] [MainThread]: Sending event: {'category': 'dbt', 'action': 'invocation', 'label': 'end', 'context': [<snowplow_tracker.self_describing_json.SelfDescribingJson object at 0x7f0fb6146030>, <snowplow_tracker.self_describing_json.SelfDescribingJson object at 0x7f0f9a69fda0>, <snowplow_tracker.self_describing_json.SelfDescribingJson object at 0x7f0f99e024b0>]}
[0m23:24:27.869244 [debug] [MainThread]: Flushing usage events
[0m23:24:28.279574 [debug] [MainThread]: An error was encountered while trying to flush usage events
[0m17:12:09.357508 [debug] [MainThread]: Sending event: {'category': 'dbt', 'action': 'invocation', 'label': 'start', 'context': [<snowplow_tracker.self_describing_json.SelfDescribingJson object at 0x75cfbb631fa0>, <snowplow_tracker.self_describing_json.SelfDescribingJson object at 0x75cfbb9f7620>, <snowplow_tracker.self_describing_json.SelfDescribingJson object at 0x75cfbb631ee0>]}


============================== 17:12:09.370334 | d105867b-c3b4-4304-86df-f10410cf4ff9 ==============================
[0m17:12:09.370334 [info ] [MainThread]: Running with dbt=1.11.5
[0m17:12:09.371429 [debug] [MainThread]: running dbt with arguments {'invocation_command': 'dbt run', 'printer_width': '80', 'fail_fast': 'False', 'use_experimental_parser': 'False', 'no_print': 'None', 'quiet': 'False', 'warn_error': 'None', 'version_check': 'True', 'target_path': 'None', 'debug': 'False', 'log_path': 'logs', 'indirect_selection': 'eager', 'profiles_dir': '/home/codespace/.dbt', 'log_format': 'default', 'cache_selected_only': 'False', 'send_anonymous_usage_stats': 'True', 'empty': 'False', 'use_colors': 'True', 'partial_parse': 'True', 'log_cache_events': 'False', 'introspect': 'True', 'warn_error_options': 'WarnErrorOptionsV2(error=[], warn=[], silence=[])', 'static_parser': 'True', 'write_json': 'True'}
[0m17:12:09.374612 [error] [MainThread]: Encountered an error:
Runtime Error
  No dbt_project.yml found at expected path /workspaces/analytics-engineering-homework_4/dbt_project.yml
  Verify that each entry within packages.yml (and their transitive dependencies) contains a file named dbt_project.yml
  
[0m17:12:09.378436 [debug] [MainThread]: Resource report: {"command_name": "run", "command_success": false, "command_wall_clock_time": 0.17518881, "process_in_blocks": "16", "process_kernel_time": 0.162223, "process_mem_max_rss": "117496", "process_out_blocks": "8", "process_user_time": 2.704379}
[0m17:12:09.380329 [debug] [MainThread]: Command `dbt run` failed at 17:12:09.380157 after 0.18 seconds
[0m17:12:09.383215 [debug] [MainThread]: Sending event: {'category': 'dbt', 'action': 'invocation', 'label': 'end', 'context': [<snowplow_tracker.self_describing_json.SelfDescribingJson object at 0x75cfbb0e2360>, <snowplow_tracker.self_describing_json.SelfDescribingJson object at 0x75cfbb101ee0>, <snowplow_tracker.self_describing_json.SelfDescribingJson object at 0x75cfbb631ee0>]}
[0m17:12:09.384095 [debug] [MainThread]: Flushing usage events
[0m17:12:09.851618 [debug] [MainThread]: An error was encountered while trying to flush usage events
